<?xml version="1.0" encoding="UTF-8" ?>
<testsuite tests="22" failures="0" name="br.inf.ufg.exercicio.AlgoritmosTest" time="0.014" errors="0" skipped="0">
  <properties>
    <property name="java.runtime.name" value="Java(TM) SE Runtime Environment"/>
    <property name="sun.boot.library.path" value="/Library/Java/JavaVirtualMachines/jdk1.8.0_92.jdk/Contents/Home/jre/lib"/>
    <property name="java.vm.version" value="25.92-b14"/>
    <property name="gopherProxySet" value="false"/>
    <property name="java.vm.vendor" value="Oracle Corporation"/>
    <property name="maven.multiModuleProjectDirectory" value="/Users/Jean/Documents/workspace/cs20162-aula03"/>
    <property name="java.vendor.url" value="http://java.oracle.com/"/>
    <property name="path.separator" value=":"/>
    <property name="guice.disable.misplaced.annotation.check" value="true"/>
    <property name="java.vm.name" value="Java HotSpot(TM) 64-Bit Server VM"/>
    <property name="file.encoding.pkg" value="sun.io"/>
    <property name="user.country" value="US"/>
    <property name="sun.java.launcher" value="SUN_STANDARD"/>
    <property name="sun.os.patch.level" value="unknown"/>
    <property name="java.vm.specification.name" value="Java Virtual Machine Specification"/>
    <property name="user.dir" value="/Users/Jean/Documents/workspace/cs20162-aula03"/>
    <property name="java.runtime.version" value="1.8.0_92-b14"/>
    <property name="java.awt.graphicsenv" value="sun.awt.CGraphicsEnvironment"/>
    <property name="java.endorsed.dirs" value="/Library/Java/JavaVirtualMachines/jdk1.8.0_92.jdk/Contents/Home/jre/lib/endorsed"/>
    <property name="os.arch" value="x86_64"/>
    <property name="java.io.tmpdir" value="/var/folders/10/7djfmb4j46nblkxjz08h3tpc0000gn/T/"/>
    <property name="line.separator" value="
"/>
    <property name="java.vm.specification.vendor" value="Oracle Corporation"/>
    <property name="os.name" value="Mac OS X"/>
    <property name="classworlds.conf" value="/usr/local/Cellar/maven/3.3.9/libexec/bin/m2.conf"/>
    <property name="sun.jnu.encoding" value="UTF-8"/>
    <property name="java.library.path" value="/Users/Jean/Library/Java/Extensions:/Library/Java/Extensions:/Network/Library/Java/Extensions:/System/Library/Java/Extensions:/usr/lib/java:."/>
    <property name="java.specification.name" value="Java Platform API Specification"/>
    <property name="java.class.version" value="52.0"/>
    <property name="sun.management.compiler" value="HotSpot 64-Bit Tiered Compilers"/>
    <property name="os.version" value="10.12"/>
    <property name="http.nonProxyHosts" value="local|*.local|169.254/16|*.169.254/16"/>
    <property name="user.home" value="/Users/Jean"/>
    <property name="user.timezone" value="America/Sao_Paulo"/>
    <property name="java.awt.printerjob" value="sun.lwawt.macosx.CPrinterJob"/>
    <property name="java.specification.version" value="1.8"/>
    <property name="file.encoding" value="UTF-8"/>
    <property name="user.name" value="Jean"/>
    <property name="java.class.path" value="/usr/local/Cellar/maven/3.3.9/libexec/boot/plexus-classworlds-2.5.2.jar"/>
    <property name="java.vm.specification.version" value="1.8"/>
    <property name="sun.arch.data.model" value="64"/>
    <property name="java.home" value="/Library/Java/JavaVirtualMachines/jdk1.8.0_92.jdk/Contents/Home/jre"/>
    <property name="sun.java.command" value="org.codehaus.plexus.classworlds.launcher.Launcher package -P cobertura"/>
    <property name="java.specification.vendor" value="Oracle Corporation"/>
    <property name="user.language" value="en"/>
    <property name="awt.toolkit" value="sun.lwawt.macosx.LWCToolkit"/>
    <property name="java.vm.info" value="mixed mode"/>
    <property name="java.version" value="1.8.0_92"/>
    <property name="java.ext.dirs" value="/Users/Jean/Library/Java/Extensions:/Library/Java/JavaVirtualMachines/jdk1.8.0_92.jdk/Contents/Home/jre/lib/ext:/Library/Java/Extensions:/Network/Library/Java/Extensions:/System/Library/Java/Extensions:/usr/lib/java"/>
    <property name="sun.boot.class.path" value="/Library/Java/JavaVirtualMachines/jdk1.8.0_92.jdk/Contents/Home/jre/lib/resources.jar:/Library/Java/JavaVirtualMachines/jdk1.8.0_92.jdk/Contents/Home/jre/lib/rt.jar:/Library/Java/JavaVirtualMachines/jdk1.8.0_92.jdk/Contents/Home/jre/lib/sunrsasign.jar:/Library/Java/JavaVirtualMachines/jdk1.8.0_92.jdk/Contents/Home/jre/lib/jsse.jar:/Library/Java/JavaVirtualMachines/jdk1.8.0_92.jdk/Contents/Home/jre/lib/jce.jar:/Library/Java/JavaVirtualMachines/jdk1.8.0_92.jdk/Contents/Home/jre/lib/charsets.jar:/Library/Java/JavaVirtualMachines/jdk1.8.0_92.jdk/Contents/Home/jre/lib/jfr.jar:/Library/Java/JavaVirtualMachines/jdk1.8.0_92.jdk/Contents/Home/jre/classes"/>
    <property name="java.vendor" value="Oracle Corporation"/>
    <property name="maven.home" value="/usr/local/Cellar/maven/3.3.9/libexec"/>
    <property name="file.separator" value="/"/>
    <property name="java.vendor.url.bug" value="http://bugreport.sun.com/bugreport/"/>
    <property name="sun.cpu.endian" value="little"/>
    <property name="sun.io.unicode.encoding" value="UnicodeBig"/>
    <property name="socksNonProxyHosts" value="local|*.local|169.254/16|*.169.254/16"/>
    <property name="ftp.nonProxyHosts" value="local|*.local|169.254/16|*.169.254/16"/>
    <property name="sun.cpu.isalist" value=""/>
  </properties>
  <testcase classname="br.inf.ufg.exercicio.AlgoritmosTest" name="fatorialNumeroMenorQue1Test" time="0.009"/>
  <testcase classname="br.inf.ufg.exercicio.AlgoritmosTest" name="numeroMenorQueZeroSomaNatural" time="0"/>
  <testcase classname="br.inf.ufg.exercicio.AlgoritmosTest" name="modWrongParametersTest" time="0"/>
  <testcase classname="br.inf.ufg.exercicio.AlgoritmosTest" name="raizQuadradaTest" time="0"/>
  <testcase classname="br.inf.ufg.exercicio.AlgoritmosTest" name="piTest" time="0"/>
  <testcase classname="br.inf.ufg.exercicio.AlgoritmosTest" name="numeroMenoresQueZeroSomaNatural" time="0.001"/>
  <testcase classname="br.inf.ufg.exercicio.AlgoritmosTest" name="piWrongParameterTest" time="0"/>
  <testcase classname="br.inf.ufg.exercicio.AlgoritmosTest" name="quadradoPerfeitoTest" time="0.001"/>
  <testcase classname="br.inf.ufg.exercicio.AlgoritmosTest" name="fibonacciValueEquals0" time="0"/>
  <testcase classname="br.inf.ufg.exercicio.AlgoritmosTest" name="fibonacciValueEquals1" time="0.001"/>
  <testcase classname="br.inf.ufg.exercicio.AlgoritmosTest" name="raizQuadradaWrongParametersTest" time="0"/>
  <testcase classname="br.inf.ufg.exercicio.AlgoritmosTest" name="quadradoPerfeitoWrongValue" time="0"/>
  <testcase classname="br.inf.ufg.exercicio.AlgoritmosTest" name="fatorialTest" time="0"/>
  <testcase classname="br.inf.ufg.exercicio.AlgoritmosTest" name="valorArbitrarioParaSoma" time="0.001"/>
  <testcase classname="br.inf.ufg.exercicio.AlgoritmosTest" name="quadradoPerfeitoFalseResult" time="0"/>
  <testcase classname="br.inf.ufg.exercicio.AlgoritmosTest" name="razaoAureaKSmallerThan0Test" time="0"/>
  <testcase classname="br.inf.ufg.exercicio.AlgoritmosTest" name="modTest" time="0"/>
  <testcase classname="br.inf.ufg.exercicio.AlgoritmosTest" name="fibonacciWrongParametersTest" time="0"/>
  <testcase classname="br.inf.ufg.exercicio.AlgoritmosTest" name="razaoAureaXSmallerThan0Test" time="0"/>
  <testcase classname="br.inf.ufg.exercicio.AlgoritmosTest" name="razaoAureaXSmallerThanYTest" time="0.001"/>
  <testcase classname="br.inf.ufg.exercicio.AlgoritmosTest" name="fibonacciTest" time="0"/>
  <testcase classname="br.inf.ufg.exercicio.AlgoritmosTest" name="razaoAureaTest" time="0"/>
</testsuite>